<?xml version="1.0" encoding="UTF-8"?>
<coverage generated="1598357727820" clover="3.2.0">
  <project timestamp="1598357727820" name="All files">
    <metrics statements="46" coveredstatements="43" conditionals="15" coveredconditionals="14" methods="19" coveredmethods="18" elements="80" coveredelements="75" complexity="0" loc="46" ncloc="46" packages="1" files="1" classes="1"/>
    <file name="DateInfo.ts" path="/Users/patrickmclennan/Documents/annoyances/src/dates/DateInfo.ts">
      <metrics statements="46" coveredstatements="43" conditionals="15" coveredconditionals="14" methods="19" coveredmethods="18"/>
      <line num="1" count="1" type="stmt"/>
      <line num="7" count="5" type="cond" truecount="2" falsecount="0"/>
      <line num="8" count="4" type="stmt"/>
      <line num="9" count="4" type="stmt"/>
      <line num="10" count="4" type="stmt"/>
      <line num="11" count="4" type="stmt"/>
      <line num="14" count="4" type="stmt"/>
      <line num="16" count="15" type="cond" truecount="2" falsecount="0"/>
      <line num="17" count="44" type="stmt"/>
      <line num="26" count="1" type="stmt"/>
      <line num="27" count="33" type="stmt"/>
      <line num="30" count="1" type="stmt"/>
      <line num="31" count="1" type="stmt"/>
      <line num="33" count="1" type="cond" truecount="1" falsecount="1"/>
      <line num="34" count="0" type="stmt"/>
      <line num="36" count="8" type="cond" truecount="2" falsecount="0"/>
      <line num="37" count="7" type="stmt"/>
      <line num="38" count="14" type="stmt"/>
      <line num="40" count="1" type="cond" truecount="1" falsecount="0"/>
      <line num="43" count="1" type="stmt"/>
      <line num="44" count="0" type="stmt"/>
      <line num="45" count="0" type="stmt"/>
      <line num="52" count="1" type="stmt"/>
      <line num="53" count="3" type="stmt"/>
      <line num="56" count="1" type="stmt"/>
      <line num="57" count="4" type="stmt"/>
      <line num="58" count="2" type="stmt"/>
      <line num="61" count="1" type="stmt"/>
      <line num="62" count="6" type="stmt"/>
      <line num="63" count="3" type="stmt"/>
      <line num="66" count="1" type="stmt"/>
      <line num="67" count="9" type="stmt"/>
      <line num="68" count="3" type="cond" truecount="2" falsecount="0"/>
      <line num="71" count="3" type="stmt"/>
      <line num="72" count="3" type="stmt"/>
      <line num="74" count="11" type="stmt"/>
      <line num="78" count="14" type="cond" truecount="2" falsecount="0"/>
      <line num="80" count="9" type="stmt"/>
      <line num="81" count="3" type="stmt"/>
      <line num="88" count="1" type="stmt"/>
      <line num="89" count="1" type="stmt"/>
      <line num="90" count="1" type="stmt"/>
      <line num="92" count="1" type="stmt"/>
      <line num="93" count="4" type="stmt"/>
      <line num="96" count="1" type="stmt"/>
      <line num="107" count="1" type="stmt"/>
    </file>
  </project>
</coverage>
