<?xml version="1.0" encoding="UTF-8"?>
<coverage generated="1598316232528" clover="3.2.0">
  <project timestamp="1598316232528" name="All files">
    <metrics statements="32" coveredstatements="32" conditionals="14" coveredconditionals="11" methods="18" coveredmethods="16" elements="64" coveredelements="59" complexity="0" loc="32" ncloc="32" packages="1" files="1" classes="1"/>
    <file name="DateInfo.ts" path="/Users/patrickmclennan/Documents/function-library/src/dates/DateInfo.ts">
      <metrics statements="32" coveredstatements="32" conditionals="14" coveredconditionals="11" methods="18" coveredmethods="16"/>
      <line num="1" count="1" type="stmt"/>
      <line num="8" count="4" type="cond" truecount="3" falsecount="1"/>
      <line num="9" count="4" type="stmt"/>
      <line num="10" count="4" type="stmt"/>
      <line num="11" count="4" type="stmt"/>
      <line num="16" count="1" type="stmt"/>
      <line num="17" count="13" type="cond" truecount="3" falsecount="1"/>
      <line num="18" count="9" type="stmt"/>
      <line num="21" count="1" type="stmt"/>
      <line num="22" count="12" type="stmt"/>
      <line num="25" count="1" type="stmt"/>
      <line num="31" count="1" type="stmt"/>
      <line num="32" count="3" type="stmt"/>
      <line num="33" count="3" type="stmt"/>
      <line num="34" count="3" type="stmt"/>
      <line num="37" count="1" type="stmt"/>
      <line num="38" count="4" type="stmt"/>
      <line num="39" count="2" type="stmt"/>
      <line num="42" count="1" type="stmt"/>
      <line num="43" count="6" type="stmt"/>
      <line num="44" count="3" type="stmt"/>
      <line num="47" count="1" type="stmt"/>
      <line num="48" count="9" type="stmt"/>
      <line num="49" count="3" type="cond" truecount="2" falsecount="0"/>
      <line num="52" count="2" type="stmt"/>
      <line num="53" count="2" type="stmt"/>
      <line num="55" count="6" type="stmt"/>
      <line num="59" count="6" type="cond" truecount="1" falsecount="1"/>
      <line num="61" count="6" type="stmt"/>
      <line num="62" count="2" type="stmt"/>
      <line num="69" count="1" type="stmt"/>
      <line num="70" count="1" type="stmt"/>
    </file>
  </project>
</coverage>
