{"/Users/patrickmclennan/Documents/annoyances/src/arrays/arrays.ts": {"path":"/Users/patrickmclennan/Documents/annoyances/src/arrays/arrays.ts","statementMap":{"0":{"start":{"line":2,"column":2},"end":{"line":2,"column":18}},"1":{"start":{"line":1,"column":0},"end":{"line":1,"column":16}},"2":{"start":{"line":6,"column":2},"end":{"line":6,"column":43}},"3":{"start":{"line":5,"column":0},"end":{"line":5,"column":16}}},"fnMap":{"0":{"name":"head","decl":{"start":{"line":1,"column":16},"end":{"line":1,"column":20}},"loc":{"start":{"line":1,"column":50},"end":{"line":3,"column":1}}},"1":{"name":"tail","decl":{"start":{"line":5,"column":16},"end":{"line":5,"column":20}},"loc":{"start":{"line":5,"column":50},"end":{"line":7,"column":1}}}},"branchMap":{},"s":{"0":3,"1":1,"2":2,"3":1},"f":{"0":3,"1":2},"b":{}}
,"/Users/patrickmclennan/Documents/annoyances/src/dates/DateInfo.ts": {"path":"/Users/patrickmclennan/Documents/annoyances/src/dates/DateInfo.ts","statementMap":{"0":{"start":{"line":1,"column":0},"end":{"line":1,"column":13}},"1":{"start":{"line":7,"column":14},"end":{"line":7,"column":null}},"2":{"start":{"line":8,"column":4},"end":{"line":8,"column":32}},"3":{"start":{"line":9,"column":4},"end":{"line":9,"column":77}},"4":{"start":{"line":10,"column":4},"end":{"line":10,"column":28}},"5":{"start":{"line":11,"column":4},"end":{"line":13,"column":11}},"6":{"start":{"line":14,"column":4},"end":{"line":19,"column":7}},"7":{"start":{"line":16,"column":8},"end":{"line":16,"column":60}},"8":{"start":{"line":16,"column":26},"end":{"line":16,"column":60}},"9":{"start":{"line":17,"column":8},"end":{"line":17,"column":50}},"10":{"start":{"line":17,"column":16},"end":{"line":17,"column":23}},"11":{"start":{"line":17,"column":28},"end":{"line":17,"column":49}},"12":{"start":{"line":26,"column":10},"end":{"line":28,"column":null}},"13":{"start":{"line":27,"column":4},"end":{"line":27,"column":76}},"14":{"start":{"line":30,"column":10},"end":{"line":33,"column":null}},"15":{"start":{"line":31,"column":4},"end":{"line":31,"column":22}},"16":{"start":{"line":32,"column":4},"end":{"line":32,"column":32}},"17":{"start":{"line":39,"column":9},"end":{"line":41,"column":null}},"18":{"start":{"line":40,"column":4},"end":{"line":40,"column":70}},"19":{"start":{"line":43,"column":9},"end":{"line":46,"column":null}},"20":{"start":{"line":44,"column":10},"end":{"line":44,"column":80}},"21":{"start":{"line":44,"column":15},"end":{"line":44,"column":17}},"22":{"start":{"line":44,"column":22},"end":{"line":44,"column":36}},"23":{"start":{"line":45,"column":4},"end":{"line":45,"column":24}},"24":{"start":{"line":48,"column":9},"end":{"line":51,"column":null}},"25":{"start":{"line":49,"column":10},"end":{"line":49,"column":80}},"26":{"start":{"line":49,"column":15},"end":{"line":49,"column":17}},"27":{"start":{"line":49,"column":22},"end":{"line":49,"column":36}},"28":{"start":{"line":50,"column":4},"end":{"line":50,"column":24}},"29":{"start":{"line":53,"column":9},"end":{"line":56,"column":null}},"30":{"start":{"line":54,"column":10},"end":{"line":54,"column":119}},"31":{"start":{"line":54,"column":93},"end":{"line":54,"column":118}},"32":{"start":{"line":54,"column":16},"end":{"line":54,"column":18}},"33":{"start":{"line":54,"column":23},"end":{"line":54,"column":25}},"34":{"start":{"line":54,"column":31},"end":{"line":54,"column":45}},"35":{"start":{"line":55,"column":4},"end":{"line":55,"column":45}},"36":{"start":{"line":58,"column":9},"end":{"line":62,"column":null}},"37":{"start":{"line":58,"column":2},"end":{"line":58,"column":9}},"38":{"start":{"line":59,"column":39},"end":{"line":59,"column":48}},"39":{"start":{"line":60,"column":4},"end":{"line":60,"column":73}},"40":{"start":{"line":60,"column":31},"end":{"line":60,"column":72}},"41":{"start":{"line":61,"column":4},"end":{"line":61,"column":33}},"42":{"start":{"line":68,"column":9},"end":{"line":81,"column":null}},"43":{"start":{"line":69,"column":24},"end":{"line":69,"column":35}},"44":{"start":{"line":70,"column":19},"end":{"line":70,"column":71}},"45":{"start":{"line":71,"column":18},"end":{"line":71,"column":57}},"46":{"start":{"line":73,"column":4},"end":{"line":74,"column":118}},"47":{"start":{"line":74,"column":6},"end":{"line":74,"column":118}},"48":{"start":{"line":76,"column":4},"end":{"line":79,"column":null}},"49":{"start":{"line":77,"column":6},"end":{"line":77,"column":27}},"50":{"start":{"line":78,"column":6},"end":{"line":78,"column":68}},"51":{"start":{"line":80,"column":4},"end":{"line":80,"column":17}},"52":{"start":{"line":83,"column":9},"end":{"line":85,"column":null}},"53":{"start":{"line":84,"column":4},"end":{"line":84,"column":74}},"54":{"start":{"line":87,"column":9},"end":{"line":89,"column":null}},"55":{"start":{"line":88,"column":4},"end":{"line":88,"column":66}},"56":{"start":{"line":90,"column":0},"end":{"line":90,"column":null}},"57":{"start":{"line":1,"column":13},"end":{"line":1,"column":21}}},"fnMap":{"0":{"name":"(anonymous_2)","decl":{"start":{"line":1,"column":0},"end":{"line":1,"column":13}},"loc":{"start":{"line":1,"column":0},"end":{"line":90,"column":null}}},"1":{"name":"DateInfo","decl":{"start":{"line":7,"column":2},"end":{"line":7,"column":14}},"loc":{"start":{"line":7,"column":47},"end":{"line":20,"column":3}}},"2":{"name":"(anonymous_4)","decl":{"start":{"line":15,"column":11},"end":{"line":15,"column":12}},"loc":{"start":{"line":15,"column":24},"end":{"line":18,"column":7}}},"3":{"name":"(anonymous_5)","decl":{"start":{"line":17,"column":15},"end":{"line":17,"column":16}},"loc":{"start":{"line":17,"column":15},"end":{"line":17,"column":34}}},"4":{"name":"(anonymous_6)","decl":{"start":{"line":26,"column":2},"end":{"line":26,"column":10}},"loc":{"start":{"line":26,"column":31},"end":{"line":28,"column":3}}},"5":{"name":"(anonymous_7)","decl":{"start":{"line":30,"column":2},"end":{"line":30,"column":10}},"loc":{"start":{"line":30,"column":37},"end":{"line":33,"column":3}}},"6":{"name":"(anonymous_8)","decl":{"start":{"line":39,"column":2},"end":{"line":39,"column":9}},"loc":{"start":{"line":39,"column":2},"end":{"line":41,"column":3}}},"7":{"name":"(anonymous_9)","decl":{"start":{"line":43,"column":2},"end":{"line":43,"column":9}},"loc":{"start":{"line":43,"column":2},"end":{"line":46,"column":3}}},"8":{"name":"(anonymous_10)","decl":{"start":{"line":48,"column":2},"end":{"line":48,"column":9}},"loc":{"start":{"line":48,"column":2},"end":{"line":51,"column":3}}},"9":{"name":"(anonymous_11)","decl":{"start":{"line":53,"column":2},"end":{"line":53,"column":9}},"loc":{"start":{"line":53,"column":76},"end":{"line":56,"column":3}}},"10":{"name":"(anonymous_12)","decl":{"start":{"line":54,"column":83},"end":{"line":54,"column":84}},"loc":{"start":{"line":54,"column":88},"end":{"line":54,"column":97}}},"11":{"name":"(anonymous_13)","decl":{"start":{"line":58,"column":2},"end":{"line":58,"column":9}},"loc":{"start":{"line":58,"column":42},"end":{"line":62,"column":3}}},"12":{"name":"(anonymous_14)","decl":{"start":{"line":60,"column":21},"end":{"line":60,"column":22}},"loc":{"start":{"line":60,"column":26},"end":{"line":60,"column":38}}},"13":{"name":"(anonymous_15)","decl":{"start":{"line":68,"column":2},"end":{"line":68,"column":9}},"loc":{"start":{"line":68,"column":53},"end":{"line":81,"column":3}}},"14":{"name":"(anonymous_16)","decl":{"start":{"line":83,"column":2},"end":{"line":83,"column":9}},"loc":{"start":{"line":83,"column":29},"end":{"line":85,"column":3}}},"15":{"name":"(anonymous_17)","decl":{"start":{"line":87,"column":2},"end":{"line":87,"column":9}},"loc":{"start":{"line":87,"column":2},"end":{"line":89,"column":3}}}},"branchMap":{"0":{"loc":{"start":{"line":7,"column":14},"end":{"line":7,"column":null}},"type":"if","locations":[{"start":{"line":7,"column":14},"end":{"line":7,"column":null}},{"start":{"line":7,"column":14},"end":{"line":7,"column":null}}]},"1":{"loc":{"start":{"line":12,"column":8},"end":{"line":12,"column":96}},"type":"cond-expr","locations":[{"start":{"line":12,"column":8},"end":{"line":12,"column":96}},{"start":{"line":13,"column":8},"end":{"line":13,"column":10}}]},"2":{"loc":{"start":{"line":16,"column":8},"end":{"line":16,"column":60}},"type":"if","locations":[{"start":{"line":16,"column":8},"end":{"line":16,"column":60}},{"start":{"line":16,"column":8},"end":{"line":16,"column":60}}]},"3":{"loc":{"start":{"line":55,"column":11},"end":{"line":55,"column":25}},"type":"binary-expr","locations":[{"start":{"line":55,"column":11},"end":{"line":55,"column":25}},{"start":{"line":55,"column":29},"end":{"line":55,"column":44}}]},"4":{"loc":{"start":{"line":73,"column":4},"end":{"line":74,"column":118}},"type":"if","locations":[{"start":{"line":73,"column":4},"end":{"line":74,"column":118}},{"start":{"line":73,"column":4},"end":{"line":74,"column":118}}]},"5":{"loc":{"start":{"line":76,"column":11},"end":{"line":76,"column":65}},"type":"binary-expr","locations":[{"start":{"line":76,"column":11},"end":{"line":76,"column":65}},{"start":{"line":76,"column":69},"end":{"line":76,"column":74}}]}},"s":{"0":1,"1":6,"2":5,"3":5,"4":5,"5":5,"6":5,"7":21,"8":8,"9":21,"10":60,"11":21,"12":1,"13":43,"14":1,"15":0,"16":0,"17":1,"18":3,"19":1,"20":3,"21":3,"22":3,"23":3,"24":1,"25":3,"26":3,"27":3,"28":3,"29":1,"30":3,"31":9,"32":3,"33":3,"34":3,"35":3,"36":1,"37":3,"38":3,"39":3,"40":11,"41":3,"42":1,"43":2,"44":2,"45":2,"46":2,"47":0,"48":2,"49":11,"50":11,"51":2,"52":1,"53":2,"54":1,"55":2,"56":1,"57":1},"f":{"0":1,"1":5,"2":21,"3":21,"4":43,"5":0,"6":3,"7":3,"8":3,"9":3,"10":9,"11":3,"12":11,"13":2,"14":2,"15":2},"b":{"0":[1,4],"1":[1,4],"2":[8,13],"3":[3,2],"4":[0,2],"5":[13,11]}}
}
