{"/Users/patrickmclennan/Documents/function-library/src/dates/DateInfo.ts": {"path":"/Users/patrickmclennan/Documents/function-library/src/dates/DateInfo.ts","statementMap":{"0":{"start":{"line":1,"column":0},"end":{"line":1,"column":13}},"1":{"start":{"line":8,"column":4},"end":{"line":8,"column":47}},"2":{"start":{"line":9,"column":4},"end":{"line":9,"column":72}},"3":{"start":{"line":10,"column":4},"end":{"line":10,"column":28}},"4":{"start":{"line":11,"column":4},"end":{"line":13,"column":11}},"5":{"start":{"line":16,"column":10},"end":{"line":19,"column":null}},"6":{"start":{"line":17,"column":4},"end":{"line":18,"column":39}},"7":{"start":{"line":17,"column":20},"end":{"line":17,"column":81}},"8":{"start":{"line":18,"column":9},"end":{"line":18,"column":39}},"9":{"start":{"line":18,"column":33},"end":{"line":18,"column":39}},"10":{"start":{"line":21,"column":10},"end":{"line":23,"column":null}},"11":{"start":{"line":22,"column":4},"end":{"line":22,"column":76}},"12":{"start":{"line":25,"column":11},"end":{"line":25,"column":null}},"13":{"start":{"line":25,"column":2},"end":{"line":25,"column":null}},"14":{"start":{"line":31,"column":9},"end":{"line":35,"column":null}},"15":{"start":{"line":32,"column":24},"end":{"line":32,"column":34}},"16":{"start":{"line":33,"column":30},"end":{"line":33,"column":84}},"17":{"start":{"line":34,"column":4},"end":{"line":34,"column":39}},"18":{"start":{"line":37,"column":9},"end":{"line":40,"column":null}},"19":{"start":{"line":38,"column":36},"end":{"line":38,"column":90}},"20":{"start":{"line":38,"column":75},"end":{"line":38,"column":90}},"21":{"start":{"line":38,"column":15},"end":{"line":38,"column":17}},"22":{"start":{"line":38,"column":22},"end":{"line":38,"column":36}},"23":{"start":{"line":39,"column":4},"end":{"line":39,"column":43}},"24":{"start":{"line":42,"column":9},"end":{"line":45,"column":null}},"25":{"start":{"line":43,"column":36},"end":{"line":43,"column":90}},"26":{"start":{"line":43,"column":75},"end":{"line":43,"column":90}},"27":{"start":{"line":43,"column":15},"end":{"line":43,"column":17}},"28":{"start":{"line":43,"column":22},"end":{"line":43,"column":36}},"29":{"start":{"line":44,"column":4},"end":{"line":44,"column":43}},"30":{"start":{"line":47,"column":9},"end":{"line":50,"column":null}},"31":{"start":{"line":48,"column":45},"end":{"line":48,"column":118}},"32":{"start":{"line":48,"column":93},"end":{"line":48,"column":118}},"33":{"start":{"line":48,"column":16},"end":{"line":48,"column":18}},"34":{"start":{"line":48,"column":23},"end":{"line":48,"column":25}},"35":{"start":{"line":48,"column":31},"end":{"line":48,"column":45}},"36":{"start":{"line":49,"column":4},"end":{"line":49,"column":64}},"37":{"start":{"line":52,"column":9},"end":{"line":63,"column":null}},"38":{"start":{"line":52,"column":2},"end":{"line":52,"column":9}},"39":{"start":{"line":53,"column":32},"end":{"line":61,"column":30}},"40":{"start":{"line":55,"column":30},"end":{"line":58,"column":10}},"41":{"start":{"line":59,"column":8},"end":{"line":59,"column":117}},"42":{"start":{"line":59,"column":37},"end":{"line":59,"column":39}},"43":{"start":{"line":59,"column":44},"end":{"line":59,"column":76}},"44":{"start":{"line":61,"column":18},"end":{"line":61,"column":20}},"45":{"start":{"line":61,"column":25},"end":{"line":61,"column":30}},"46":{"start":{"line":62,"column":4},"end":{"line":62,"column":42}},"47":{"start":{"line":69,"column":9},"end":{"line":69,"column":null}},"48":{"start":{"line":70,"column":0},"end":{"line":70,"column":null}},"49":{"start":{"line":1,"column":13},"end":{"line":1,"column":21}}},"fnMap":{"0":{"name":"(anonymous_7)","decl":{"start":{"line":1,"column":0},"end":{"line":1,"column":13}},"loc":{"start":{"line":1,"column":0},"end":{"line":70,"column":null}}},"1":{"name":"DateInfo","decl":{"start":{"line":7,"column":2},"end":{"line":7,"column":14}},"loc":{"start":{"line":7,"column":35},"end":{"line":14,"column":3}}},"2":{"name":"(anonymous_9)","decl":{"start":{"line":16,"column":2},"end":{"line":16,"column":10}},"loc":{"start":{"line":16,"column":43},"end":{"line":19,"column":3}}},"3":{"name":"(anonymous_10)","decl":{"start":{"line":18,"column":16},"end":{"line":18,"column":17}},"loc":{"start":{"line":18,"column":25},"end":{"line":18,"column":38}}},"4":{"name":"(anonymous_11)","decl":{"start":{"line":21,"column":2},"end":{"line":21,"column":10}},"loc":{"start":{"line":21,"column":25},"end":{"line":23,"column":3}}},"5":{"name":"(anonymous_12)","decl":{"start":{"line":25,"column":2},"end":{"line":25,"column":11}},"loc":{"start":{"line":25,"column":2},"end":{"line":25,"column":null}}},"6":{"name":"(anonymous_14)","decl":{"start":{"line":31,"column":2},"end":{"line":31,"column":9}},"loc":{"start":{"line":31,"column":2},"end":{"line":35,"column":3}}},"7":{"name":"(anonymous_15)","decl":{"start":{"line":37,"column":2},"end":{"line":37,"column":9}},"loc":{"start":{"line":37,"column":2},"end":{"line":40,"column":3}}},"8":{"name":"(anonymous_16)","decl":{"start":{"line":38,"column":65},"end":{"line":38,"column":66}},"loc":{"start":{"line":38,"column":70},"end":{"line":38,"column":79}}},"9":{"name":"(anonymous_17)","decl":{"start":{"line":42,"column":2},"end":{"line":42,"column":9}},"loc":{"start":{"line":42,"column":2},"end":{"line":45,"column":3}}},"10":{"name":"(anonymous_18)","decl":{"start":{"line":43,"column":65},"end":{"line":43,"column":66}},"loc":{"start":{"line":43,"column":70},"end":{"line":43,"column":79}}},"11":{"name":"(anonymous_19)","decl":{"start":{"line":47,"column":2},"end":{"line":47,"column":9}},"loc":{"start":{"line":47,"column":76},"end":{"line":50,"column":3}}},"12":{"name":"(anonymous_20)","decl":{"start":{"line":48,"column":83},"end":{"line":48,"column":84}},"loc":{"start":{"line":48,"column":88},"end":{"line":48,"column":97}}},"13":{"name":"(anonymous_21)","decl":{"start":{"line":52,"column":2},"end":{"line":52,"column":9}},"loc":{"start":{"line":52,"column":42},"end":{"line":63,"column":3}}},"14":{"name":"(anonymous_22)","decl":{"start":{"line":54,"column":14},"end":{"line":54,"column":15}},"loc":{"start":{"line":54,"column":31},"end":{"line":60,"column":7}}},"15":{"name":"(anonymous_23)","decl":{"start":{"line":59,"column":28},"end":{"line":59,"column":29}},"loc":{"start":{"line":59,"column":39},"end":{"line":59,"column":50}}},"16":{"name":"(anonymous_24)","decl":{"start":{"line":61,"column":11},"end":{"line":61,"column":12}},"loc":{"start":{"line":61,"column":20},"end":{"line":61,"column":29}}},"17":{"name":"(anonymous_25)","decl":{"start":{"line":69,"column":2},"end":{"line":69,"column":9}},"loc":{"start":{"line":69,"column":53},"end":{"line":69,"column":57}}}},"branchMap":{"0":{"loc":{"start":{"line":8,"column":32},"end":{"line":8,"column":36}},"type":"cond-expr","locations":[{"start":{"line":8,"column":32},"end":{"line":8,"column":36}},{"start":{"line":8,"column":36},"end":{"line":8,"column":46}}]},"1":{"loc":{"start":{"line":8,"column":14},"end":{"line":8,"column":36}},"type":"binary-expr","locations":[{"start":{"line":8,"column":14},"end":{"line":8,"column":36}},{"start":{"line":8,"column":32},"end":{"line":8,"column":36}}]},"2":{"loc":{"start":{"line":12,"column":8},"end":{"line":12,"column":96}},"type":"cond-expr","locations":[{"start":{"line":12,"column":8},"end":{"line":12,"column":96}},{"start":{"line":13,"column":8},"end":{"line":13,"column":10}}]},"3":{"loc":{"start":{"line":17,"column":4},"end":{"line":18,"column":39}},"type":"if","locations":[{"start":{"line":17,"column":4},"end":{"line":18,"column":39}},{"start":{"line":17,"column":4},"end":{"line":18,"column":39}}]},"4":{"loc":{"start":{"line":17,"column":49},"end":{"line":17,"column":59}},"type":"cond-expr","locations":[{"start":{"line":17,"column":49},"end":{"line":17,"column":59}},{"start":{"line":17,"column":62},"end":{"line":17,"column":79}}]},"5":{"loc":{"start":{"line":49,"column":29},"end":{"line":49,"column":43}},"type":"binary-expr","locations":[{"start":{"line":49,"column":29},"end":{"line":49,"column":43}},{"start":{"line":49,"column":47},"end":{"line":49,"column":62}}]},"6":{"loc":{"start":{"line":59,"column":79},"end":{"line":59,"column":86}},"type":"cond-expr","locations":[{"start":{"line":59,"column":79},"end":{"line":59,"column":86}},{"start":{"line":59,"column":88},"end":{"line":59,"column":116}}]}},"s":{"0":1,"1":4,"2":4,"3":4,"4":4,"5":1,"6":13,"7":4,"8":9,"9":9,"10":1,"11":12,"12":1,"13":0,"14":1,"15":3,"16":3,"17":3,"18":1,"19":2,"20":4,"21":2,"22":2,"23":2,"24":1,"25":3,"26":6,"27":3,"28":3,"29":3,"30":1,"31":3,"32":9,"33":3,"34":3,"35":3,"36":3,"37":1,"38":2,"39":2,"40":6,"41":6,"42":6,"43":6,"44":6,"45":6,"46":2,"47":1,"48":1,"49":1},"f":{"0":1,"1":4,"2":13,"3":9,"4":12,"5":0,"6":3,"7":2,"8":4,"9":3,"10":6,"11":3,"12":9,"13":2,"14":6,"15":6,"16":6,"17":0},"b":{"0":[4,0],"1":[4,4],"2":[1,3],"3":[4,9],"4":[0,4],"5":[2,2],"6":[0,6]}}
}
