TN:
SF:src/dates/DateInfo.ts
FN:1,(anonymous_7)
FN:7,DateInfo
FN:15,(anonymous_9)
FN:17,(anonymous_10)
FN:26,(anonymous_11)
FN:30,(anonymous_12)
FN:43,(anonymous_14)
FN:52,(anonymous_15)
FN:56,(anonymous_16)
FN:57,(anonymous_17)
FN:61,(anonymous_18)
FN:62,(anonymous_19)
FN:66,(anonymous_20)
FN:67,(anonymous_21)
FN:71,(anonymous_22)
FN:73,(anonymous_23)
FN:78,(anonymous_24)
FN:80,(anonymous_25)
FN:88,(anonymous_26)
FNF:19
FNH:18
FNDA:1,(anonymous_7)
FNDA:4,DateInfo
FNDA:15,(anonymous_9)
FNDA:15,(anonymous_10)
FNDA:33,(anonymous_11)
FNDA:1,(anonymous_12)
FNDA:0,(anonymous_14)
FNDA:3,(anonymous_15)
FNDA:2,(anonymous_16)
FNDA:4,(anonymous_17)
FNDA:3,(anonymous_18)
FNDA:6,(anonymous_19)
FNDA:3,(anonymous_20)
FNDA:9,(anonymous_21)
FNDA:3,(anonymous_22)
FNDA:11,(anonymous_23)
FNDA:14,(anonymous_24)
FNDA:9,(anonymous_25)
FNDA:1,(anonymous_26)
DA:1,1
DA:7,5
DA:8,4
DA:9,4
DA:10,4
DA:11,4
DA:14,4
DA:16,15
DA:17,44
DA:26,1
DA:27,33
DA:30,1
DA:31,1
DA:33,1
DA:34,0
DA:36,8
DA:37,7
DA:38,14
DA:40,1
DA:43,1
DA:44,0
DA:45,0
DA:52,1
DA:53,3
DA:56,1
DA:57,4
DA:58,2
DA:61,1
DA:62,6
DA:63,3
DA:66,1
DA:67,9
DA:68,3
DA:71,3
DA:72,3
DA:74,11
DA:78,14
DA:80,9
DA:81,3
DA:88,1
DA:89,1
DA:90,1
DA:92,1
DA:93,4
DA:96,1
DA:107,1
LF:46
LH:43
BRDA:7,0,0,1
BRDA:7,0,1,3
BRDA:12,1,0,1
BRDA:12,1,1,3
BRDA:16,2,0,4
BRDA:16,2,1,11
BRDA:40,3,0,1
BRDA:33,4,0,0
BRDA:33,4,1,1
BRDA:36,5,0,1
BRDA:36,5,1,7
BRDA:68,6,0,3
BRDA:68,6,1,2
BRDA:78,7,0,2
BRDA:78,7,1,9
BRF:15
BRH:14
end_of_record
