TN:
SF:src/dates/DateInfo.ts
FN:1,(anonymous_7)
FN:7,DateInfo
FN:16,(anonymous_9)
FN:18,(anonymous_10)
FN:21,(anonymous_11)
FN:25,(anonymous_12)
FN:31,(anonymous_14)
FN:37,(anonymous_15)
FN:38,(anonymous_16)
FN:42,(anonymous_17)
FN:43,(anonymous_18)
FN:47,(anonymous_19)
FN:48,(anonymous_20)
FN:52,(anonymous_21)
FN:54,(anonymous_22)
FN:59,(anonymous_23)
FN:61,(anonymous_24)
FN:69,(anonymous_25)
FNF:18
FNH:16
FNDA:1,(anonymous_7)
FNDA:4,DateInfo
FNDA:13,(anonymous_9)
FNDA:9,(anonymous_10)
FNDA:12,(anonymous_11)
FNDA:0,(anonymous_12)
FNDA:3,(anonymous_14)
FNDA:2,(anonymous_15)
FNDA:4,(anonymous_16)
FNDA:3,(anonymous_17)
FNDA:6,(anonymous_18)
FNDA:3,(anonymous_19)
FNDA:9,(anonymous_20)
FNDA:2,(anonymous_21)
FNDA:6,(anonymous_22)
FNDA:6,(anonymous_23)
FNDA:6,(anonymous_24)
FNDA:0,(anonymous_25)
DA:1,1
DA:8,4
DA:9,4
DA:10,4
DA:11,4
DA:16,1
DA:17,13
DA:18,9
DA:21,1
DA:22,12
DA:25,1
DA:31,1
DA:32,3
DA:33,3
DA:34,3
DA:37,1
DA:38,4
DA:39,2
DA:42,1
DA:43,6
DA:44,3
DA:47,1
DA:48,9
DA:49,3
DA:52,2
DA:53,2
DA:55,6
DA:59,6
DA:61,6
DA:62,2
DA:69,1
DA:70,1
LF:32
LH:32
BRDA:8,0,0,4
BRDA:8,0,1,0
BRDA:8,1,0,4
BRDA:8,1,1,4
BRDA:12,2,0,1
BRDA:12,2,1,3
BRDA:17,3,0,4
BRDA:17,3,1,9
BRDA:17,4,0,0
BRDA:17,4,1,4
BRDA:49,5,0,2
BRDA:49,5,1,2
BRDA:59,6,0,0
BRDA:59,6,1,6
BRF:14
BRH:11
end_of_record
